[0.098s] DEBUG:colcon:Command line arguments: ['/usr/bin/colcon', 'build', '--packages-select', 'mavlink_wizard', '--symlink-install']
[0.098s] DEBUG:colcon:Parsed command line arguments: Namespace(log_base=None, log_level=None, verb_name='build', build_base='build', install_base='install', merge_install=False, symlink_install=True, test_result_base=None, continue_on_error=False, executor='parallel', parallel_workers=14, event_handlers=None, ignore_user_meta=False, metas=['./colcon.meta'], base_paths=['.'], packages_ignore=None, packages_ignore_regex=None, paths=None, packages_up_to=None, packages_up_to_regex=None, packages_above=None, packages_above_and_dependencies=None, packages_above_depth=None, packages_select_by_dep=None, packages_skip_by_dep=None, packages_skip_up_to=None, packages_select_build_failed=False, packages_skip_build_finished=False, packages_select_test_failures=False, packages_skip_test_passed=False, packages_select=['mavlink_wizard'], packages_skip=None, packages_select_regex=None, packages_skip_regex=None, packages_start=None, packages_end=None, allow_overriding=[], cmake_args=None, cmake_target=None, cmake_target_skip_unavailable=False, cmake_clean_cache=False, cmake_clean_first=False, cmake_force_configure=False, ament_cmake_args=None, catkin_cmake_args=None, catkin_skip_building_tests=False, mixin_files=None, mixin=None, verb_parser=<colcon_mixin.mixin.mixin_argument.MixinArgumentDecorator object at 0x77e4b5997860>, verb_extension=<colcon_core.verb.build.BuildVerb object at 0x77e4b59975f0>, main=<bound method BuildVerb.main of <colcon_core.verb.build.BuildVerb object at 0x77e4b59975f0>>, mixin_verb=('build',))
[0.127s] Level 1:colcon.colcon_core.package_discovery:discover_packages(colcon_meta) check parameters
[0.127s] Level 1:colcon.colcon_core.package_discovery:discover_packages(recursive) check parameters
[0.127s] Level 1:colcon.colcon_core.package_discovery:discover_packages(ignore) check parameters
[0.127s] Level 1:colcon.colcon_core.package_discovery:discover_packages(path) check parameters
[0.127s] Level 1:colcon.colcon_core.package_discovery:discover_packages(colcon_meta) discover
[0.127s] Level 1:colcon.colcon_core.package_discovery:discover_packages(recursive) discover
[0.127s] INFO:colcon.colcon_core.package_discovery:Crawling recursively for packages in '/home/imanoob/ros2_jazzy/src/mavlink_ros2/stm32_mavlink_uart'
[0.127s] Level 1:colcon.colcon_core.package_identification:_identify(.) by extensions ['ignore', 'ignore_ament_install']
[0.127s] Level 1:colcon.colcon_core.package_identification:_identify(.) by extension 'ignore'
[0.127s] Level 1:colcon.colcon_core.package_identification:_identify(.) by extension 'ignore_ament_install'
[0.128s] Level 1:colcon.colcon_core.package_identification:_identify(.) by extensions ['colcon_pkg']
[0.128s] Level 1:colcon.colcon_core.package_identification:_identify(.) by extension 'colcon_pkg'
[0.128s] Level 1:colcon.colcon_core.package_identification:_identify(.) by extensions ['colcon_meta']
[0.128s] Level 1:colcon.colcon_core.package_identification:_identify(.) by extension 'colcon_meta'
[0.128s] Level 1:colcon.colcon_core.package_identification:_identify(.) by extensions ['ros']
[0.128s] Level 1:colcon.colcon_core.package_identification:_identify(.) by extension 'ros'
[0.148s] DEBUG:colcon.colcon_core.package_identification:Package '.' with type 'ros.ament_cmake' and name 'stm32_mavlink_uart'
[0.148s] Level 1:colcon.colcon_core.package_discovery:discover_packages(recursive) using defaults
[0.148s] Level 1:colcon.colcon_core.package_discovery:discover_packages(ignore) discover
[0.148s] Level 1:colcon.colcon_core.package_discovery:discover_packages(ignore) using defaults
[0.148s] Level 1:colcon.colcon_core.package_discovery:discover_packages(path) discover
[0.148s] Level 1:colcon.colcon_core.package_discovery:discover_packages(path) using defaults
[0.148s] WARNING:colcon.colcon_core.package_selection:ignoring unknown package 'mavlink_wizard' in --packages-select
[0.162s] INFO:colcon.colcon_core.package_selection:Skipping not selected package 'stm32_mavlink_uart' in '.'
[0.163s] Level 1:colcon.colcon_core.package_discovery:discover_packages(prefix_path) check parameters
[0.163s] Level 1:colcon.colcon_core.package_discovery:discover_packages(prefix_path) discover
[0.166s] DEBUG:colcon.colcon_installed_package_information.package_discovery:Found 12 installed packages in /home/imanoob/ros2_jazzy/install
[0.167s] DEBUG:colcon.colcon_installed_package_information.package_discovery:Found 291 installed packages in /opt/ros/jazzy
[0.168s] Level 1:colcon.colcon_core.package_discovery:discover_packages(prefix_path) using defaults
[0.193s] INFO:colcon.colcon_core.executor:Executing jobs using 'parallel' executor
[0.193s] DEBUG:colcon.colcon_parallel_executor.executor.parallel:run_until_complete
[0.194s] DEBUG:colcon.colcon_parallel_executor.executor.parallel:closing loop
[0.194s] DEBUG:colcon.colcon_parallel_executor.executor.parallel:loop closed
[0.194s] DEBUG:colcon.colcon_parallel_executor.executor.parallel:run_until_complete finished with '0'
[0.194s] DEBUG:colcon.colcon_core.event_reactor:joining thread
[0.199s] INFO:colcon.colcon_core.plugin_system:Skipping extension 'colcon_notification.desktop_notification.terminal_notifier': Not used on non-Darwin systems
[0.199s] INFO:colcon.colcon_core.plugin_system:Skipping extension 'colcon_notification.desktop_notification.win32': Not used on non-Windows systems
[0.199s] INFO:colcon.colcon_notification.desktop_notification:Sending desktop notification using 'notify2'
[0.214s] DEBUG:colcon.colcon_core.event_reactor:joined thread
[0.217s] INFO:colcon.colcon_core.plugin_system:Skipping extension 'colcon_core.shell.bat': Not used on non-Windows systems
[0.217s] INFO:colcon.colcon_core.shell:Creating prefix script '/home/imanoob/ros2_jazzy/src/mavlink_ros2/stm32_mavlink_uart/install/local_setup.ps1'
[0.218s] INFO:colcon.colcon_core.shell:Creating prefix util module '/home/imanoob/ros2_jazzy/src/mavlink_ros2/stm32_mavlink_uart/install/_local_setup_util_ps1.py'
[0.219s] INFO:colcon.colcon_core.shell:Creating prefix chain script '/home/imanoob/ros2_jazzy/src/mavlink_ros2/stm32_mavlink_uart/install/setup.ps1'
[0.220s] INFO:colcon.colcon_core.shell:Creating prefix script '/home/imanoob/ros2_jazzy/src/mavlink_ros2/stm32_mavlink_uart/install/local_setup.sh'
[0.220s] INFO:colcon.colcon_core.shell:Creating prefix util module '/home/imanoob/ros2_jazzy/src/mavlink_ros2/stm32_mavlink_uart/install/_local_setup_util_sh.py'
[0.221s] INFO:colcon.colcon_core.shell:Creating prefix chain script '/home/imanoob/ros2_jazzy/src/mavlink_ros2/stm32_mavlink_uart/install/setup.sh'
[0.222s] INFO:colcon.colcon_core.shell:Creating prefix script '/home/imanoob/ros2_jazzy/src/mavlink_ros2/stm32_mavlink_uart/install/local_setup.bash'
[0.222s] INFO:colcon.colcon_core.shell:Creating prefix chain script '/home/imanoob/ros2_jazzy/src/mavlink_ros2/stm32_mavlink_uart/install/setup.bash'
[0.222s] INFO:colcon.colcon_core.shell:Creating prefix script '/home/imanoob/ros2_jazzy/src/mavlink_ros2/stm32_mavlink_uart/install/local_setup.zsh'
[0.223s] INFO:colcon.colcon_core.shell:Creating prefix chain script '/home/imanoob/ros2_jazzy/src/mavlink_ros2/stm32_mavlink_uart/install/setup.zsh'
